<?xml version="1.0" encoding="UTF-8"?>
<!-- Generated by org.testng.reporters.JUnitReportReporter -->
<testsuite skipped="0" hostname="DESKTOP-U88FFOD" name="com.herokuapp.theinternet.Exceptionstests" tests="1" failures="0" timestamp="06 Jun 2020 12:57:54 GMT" time="29.681" errors="0">
  <testcase name="staleElementTest" time="29.681" classname="com.herokuapp.theinternet.Exceptionstests"/>
</testsuite> <!-- com.herokuapp.theinternet.Exceptionstests -->
