<?xml version="1.0" encoding="UTF-8"?>
<!-- Generated by org.testng.reporters.JUnitReportReporter -->
<testsuite skipped="0" hostname="Madushan" name="com.herokuapp.theinternet.PositiveTests" tests="1" failures="0" timestamp="29 Feb 2020 05:31:10 GMT" time="24.427" errors="0">
  <testcase name="loginTest" time="24.427" classname="com.herokuapp.theinternet.PositiveTests"/>
</testsuite> <!-- com.herokuapp.theinternet.PositiveTests -->
