<?xml version="1.0" encoding="UTF-8"?>
<!-- Generated by org.testng.reporters.JUnitReportReporter -->
<testsuite skipped="0" hostname="Madushan" name="com.herokuapp.theinternet.NegativeTests" tests="2" failures="0" timestamp="29 Feb 2020 04:57:24 GMT" time="26.481" errors="0">
  <testcase name="negativeLogintest" time="12.735" classname="com.herokuapp.theinternet.NegativeTests"/>
  <testcase name="negativeLogintest" time="13.746" classname="com.herokuapp.theinternet.NegativeTests"/>
</testsuite> <!-- com.herokuapp.theinternet.NegativeTests -->
