<?xml version="1.0" encoding="UTF-8"?>
<!-- Generated by org.testng.reporters.JUnitReportReporter -->
<testsuite skipped="0" hostname="DESKTOP-U88FFOD" name="com.herokuapp.theinternet.LoginTests" tests="3" failures="0" timestamp="02 Jun 2020 07:33:20 GMT" time="60.699" errors="0">
  <testcase name="positiveLoginTest" time="14.230" classname="com.herokuapp.theinternet.LoginTests"/>
  <testcase name="negativeLogintest" time="35.043" classname="com.herokuapp.theinternet.LoginTests"/>
  <testcase name="negativeLogintest" time="11.426" classname="com.herokuapp.theinternet.LoginTests"/>
</testsuite> <!-- com.herokuapp.theinternet.LoginTests -->
